# JRE version: OpenJDK Runtime Environment (8.0_202-b03) (build 1.8.0_202-release-1483-b03)
# Java VM: OpenJDK 64-Bit Server VM (25.202-b03 mixed mode windows-amd64 compressed oops)
Heap:
 PSYoungGen      total 209408K, used 145658K [0x00000000e0000000, 0x00000000f0a00000, 0x0000000100000000)
  eden space 187904K, 69% used [0x00000000e0000000,0x00000000e805ce90,0x00000000eb780000)
  from space 21504K, 66% used [0x00000000eb780000,0x00000000ec561980,0x00000000ecc80000)
  to   space 22016K, 0% used [0x00000000ef480000,0x00000000ef480000,0x00000000f0a00000)
 ParOldGen       total 151040K, used 36913K [0x00000000a0000000, 0x00000000a9380000, 0x00000000e0000000)
  object space 151040K, 24% used [0x00000000a0000000,0x00000000a240c4d8,0x00000000a9380000)
 Metaspace       used 69739K, capacity 72816K, committed 72832K, reserved 1112064K
  class space    used 9257K, capacity 9845K, committed 9856K, reserved 1048576K
GC Heap History (10 events):
Event: 4.273 GC heap before
{Heap before GC invocations=10 (full 2):
 PSYoungGen      total 169984K, used 8672K [0x00000000e0000000, 0x00000000ed900000, 0x0000000100000000)
  eden space 156160K, 0% used [0x00000000e0000000,0x00000000e0000000,0x00000000e9880000)
  from space 13824K, 62% used [0x00000000ea580000,0x00000000eadf8000,0x00000000eb300000)
  to   space 13312K, 0% used [0x00000000e9880000,0x00000000e9880000,0x00000000ea580000)
 ParOldGen       total 66048K, used 12538K [0x00000000a0000000, 0x00000000a4080000, 0x00000000e0000000)
  object space 66048K, 18% used [0x00000000a0000000,0x00000000a0c3eac8,0x00000000a4080000)
 Metaspace       used 34483K, capacity 35418K, committed 35456K, reserved 1079296K
  class space    used 4763K, capacity 4959K, committed 4992K, reserved 1048576K
Event: 4.318 GC heap after
Heap after GC invocations=10 (full 2):
 PSYoungGen      total 169984K, used 0K [0x00000000e0000000, 0x00000000ed900000, 0x0000000100000000)
  eden space 156160K, 0% used [0x00000000e0000000,0x00000000e0000000,0x00000000e9880000)
  from space 13824K, 0% used [0x00000000ea580000,0x00000000ea580000,0x00000000eb300000)
  to   space 13312K, 0% used [0x00000000e9880000,0x00000000e9880000,0x00000000ea580000)
 ParOldGen       total 97280K, used 16035K [0x00000000a0000000, 0x00000000a5f00000, 0x00000000e0000000)
  object space 97280K, 16% used [0x00000000a0000000,0x00000000a0fa8dd0,0x00000000a5f00000)
 Metaspace       used 34483K, capacity 35418K, committed 35456K, reserved 1079296K
  class space    used 4763K, capacity 4959K, committed 4992K, reserved 1048576K
}
Event: 7.381 GC heap before
{Heap before GC invocations=11 (full 2):
 PSYoungGen      total 169984K, used 156160K [0x00000000e0000000, 0x00000000ed900000, 0x0000000100000000)
  eden space 156160K, 100% used [0x00000000e0000000,0x00000000e9880000,0x00000000e9880000)
  from space 13824K, 0% used [0x00000000ea580000,0x00000000ea580000,0x00000000eb300000)
  to   space 13312K, 0% used [0x00000000e9880000,0x00000000e9880000,0x00000000ea580000)
 ParOldGen       total 97280K, used 16035K [0x00000000a0000000, 0x00000000a5f00000, 0x00000000e0000000)
  object space 97280K, 16% used [0x00000000a0000000,0x00000000a0fa8dd0,0x00000000a5f00000)
 Metaspace       used 48599K, capacity 50292K, committed 50560K, reserved 1093632K
  class space    used 6575K, capacity 6948K, committed 7040K, reserved 1048576K
Event: 7.395 GC heap after
Heap after GC invocations=11 (full 2):
 PSYoungGen      total 169472K, used 13291K [0x00000000e0000000, 0x00000000edd80000, 0x0000000100000000)
  eden space 156160K, 0% used [0x00000000e0000000,0x00000000e0000000,0x00000000e9880000)
  from space 13312K, 99% used [0x00000000e9880000,0x00000000ea57acf0,0x00000000ea580000)
  to   space 17408K, 0% used [0x00000000ecc80000,0x00000000ecc80000,0x00000000edd80000)
 ParOldGen       total 97280K, used 22614K [0x00000000a0000000, 0x00000000a5f00000, 0x00000000e0000000)
  object space 97280K, 23% used [0x00000000a0000000,0x00000000a1615bc0,0x00000000a5f00000)
 Metaspace       used 48599K, capacity 50292K, committed 50560K, reserved 1093632K
  class space    used 6575K, capacity 6948K, committed 7040K, reserved 1048576K
}
Event: 8.514 GC heap before
{Heap before GC invocations=12 (full 2):
 PSYoungGen      total 169472K, used 151249K [0x00000000e0000000, 0x00000000edd80000, 0x0000000100000000)
  eden space 156160K, 88% used [0x00000000e0000000,0x00000000e86b9988,0x00000000e9880000)
  from space 13312K, 99% used [0x00000000e9880000,0x00000000ea57acf0,0x00000000ea580000)
  to   space 17408K, 0% used [0x00000000ecc80000,0x00000000ecc80000,0x00000000edd80000)
 ParOldGen       total 97280K, used 22614K [0x00000000a0000000, 0x00000000a5f00000, 0x00000000e0000000)
  object space 97280K, 23% used [0x00000000a0000000,0x00000000a1615bc0,0x00000000a5f00000)
 Metaspace       used 56930K, capacity 58968K, committed 59096K, reserved 1099776K
  class space    used 7776K, capacity 8245K, committed 8320K, reserved 1048576K
Event: 8.531 GC heap after
Heap after GC invocations=12 (full 2):
 PSYoungGen      total 205312K, used 17397K [0x00000000e0000000, 0x00000000ee780000, 0x0000000100000000)
  eden space 187904K, 0% used [0x00000000e0000000,0x00000000e0000000,0x00000000eb780000)
  from space 17408K, 99% used [0x00000000ecc80000,0x00000000edd7d4d0,0x00000000edd80000)
  to   space 21504K, 0% used [0x00000000eb780000,0x00000000eb780000,0x00000000ecc80000)
 ParOldGen       total 97280K, used 27539K [0x00000000a0000000, 0x00000000a5f00000, 0x00000000e0000000)
  object space 97280K, 28% used [0x00000000a0000000,0x00000000a1ae4d70,0x00000000a5f00000)
 Metaspace       used 56930K, capacity 58968K, committed 59096K, reserved 1099776K
  class space    used 7776K, capacity 8245K, committed 8320K, reserved 1048576K
}
Event: 8.531 GC heap before
{Heap before GC invocations=13 (full 3):
 PSYoungGen      total 205312K, used 17397K [0x00000000e0000000, 0x00000000ee780000, 0x0000000100000000)
  eden space 187904K, 0% used [0x00000000e0000000,0x00000000e0000000,0x00000000eb780000)
  from space 17408K, 99% used [0x00000000ecc80000,0x00000000edd7d4d0,0x00000000edd80000)
  to   space 21504K, 0% used [0x00000000eb780000,0x00000000eb780000,0x00000000ecc80000)
 ParOldGen       total 97280K, used 27539K [0x00000000a0000000, 0x00000000a5f00000, 0x00000000e0000000)
  object space 97280K, 28% used [0x00000000a0000000,0x00000000a1ae4d70,0x00000000a5f00000)
 Metaspace       used 56930K, capacity 58968K, committed 59096K, reserved 1099776K
  class space    used 7776K, capacity 8245K, committed 8320K, reserved 1048576K
Event: 8.697 GC heap after
Heap after GC invocations=13 (full 3):
 PSYoungGen      total 205312K, used 0K [0x00000000e0000000, 0x00000000ee780000, 0x0000000100000000)
  eden space 187904K, 0% used [0x00000000e0000000,0x00000000e0000000,0x00000000eb780000)
  from space 17408K, 0% used [0x00000000ecc80000,0x00000000ecc80000,0x00000000edd80000)
  to   space 21504K, 0% used [0x00000000eb780000,0x00000000eb780000,0x00000000ecc80000)
 ParOldGen       total 151040K, used 36905K [0x00000000a0000000, 0x00000000a9380000, 0x00000000e0000000)
  object space 151040K, 24% used [0x00000000a0000000,0x00000000a240a4d8,0x00000000a9380000)
 Metaspace       used 56905K, capacity 58884K, committed 59096K, reserved 1099776K
  class space    used 7769K, capacity 8231K, committed 8320K, reserved 1048576K
}
Event: 10.865 GC heap before
{Heap before GC invocations=14 (full 3):
 PSYoungGen      total 205312K, used 187904K [0x00000000e0000000, 0x00000000ee780000, 0x0000000100000000)
  eden space 187904K, 100% used [0x00000000e0000000,0x00000000eb780000,0x00000000eb780000)
  from space 17408K, 0% used [0x00000000ecc80000,0x00000000ecc80000,0x00000000edd80000)
  to   space 21504K, 0% used [0x00000000eb780000,0x00000000eb780000,0x00000000ecc80000)
 ParOldGen       total 151040K, used 36905K [0x00000000a0000000, 0x00000000a9380000, 0x00000000e0000000)
  object space 151040K, 24% used [0x00000000a0000000,0x00000000a240a4d8,0x00000000a9380000)
 Metaspace       used 63781K, capacity 66558K, committed 66688K, reserved 1105920K
  class space    used 8706K, capacity 9268K, committed 9344K, reserved 1048576K
Event: 10.909 GC heap after
Heap after GC invocations=14 (full 3):
 PSYoungGen      total 209408K, used 14214K [0x00000000e0000000, 0x00000000f0a00000, 0x0000000100000000)
  eden space 187904K, 0% used [0x00000000e0000000,0x00000000e0000000,0x00000000eb780000)
  from space 21504K, 66% used [0x00000000eb780000,0x00000000ec561980,0x00000000ecc80000)
  to   space 22016K, 0% used [0x00000000ef480000,0x00000000ef480000,0x00000000f0a00000)
 ParOldGen       total 151040K, used 36913K [0x00000000a0000000, 0x00000000a9380000, 0x00000000e0000000)
  object space 151040K, 24% used [0x00000000a0000000,0x00000000a240c4d8,0x00000000a9380000)
 Metaspace       used 63781K, capacity 66558K, committed 66688K, reserved 1105920K
  class space    used 8706K, capacity 9268K, committed 9344K, reserved 1048576K
}

