# JRE version: OpenJDK Runtime Environment (8.0_202-b03) (build 1.8.0_202-release-1483-b03)
# Java VM: OpenJDK 64-Bit Server VM (25.202-b03 mixed mode windows-amd64 compressed oops)
Heap:
 PSYoungGen      total 216576K, used 148229K [0x00000000e0000000, 0x00000000ef300000, 0x0000000100000000)
  eden space 197120K, 67% used [0x00000000e0000000,0x00000000e8133268,0x00000000ec080000)
  from space 19456K, 81% used [0x00000000ec080000,0x00000000ed00e310,0x00000000ed380000)
  to   space 19456K, 0% used [0x00000000ed380000,0x00000000ed380000,0x00000000ee680000)
 ParOldGen       total 122880K, used 32022K [0x00000000a0000000, 0x00000000a7800000, 0x00000000e0000000)
  object space 122880K, 26% used [0x00000000a0000000,0x00000000a1f45a50,0x00000000a7800000)
 Metaspace       used 69810K, capacity 72898K, committed 73216K, reserved 1112064K
  class space    used 9293K, capacity 9920K, committed 9984K, reserved 1048576K
GC Heap History (10 events):
Event: 5.992 GC heap before
{Heap before GC invocations=12 (full 2):
 PSYoungGen      total 123392K, used 112128K [0x00000000e0000000, 0x00000000eb600000, 0x0000000100000000)
  eden space 112128K, 100% used [0x00000000e0000000,0x00000000e6d80000,0x00000000e6d80000)
  from space 11264K, 0% used [0x00000000e6d80000,0x00000000e6d80000,0x00000000e7880000)
  to   space 12288K, 0% used [0x00000000eaa00000,0x00000000eaa00000,0x00000000eb600000)
 ParOldGen       total 82432K, used 17750K [0x00000000a0000000, 0x00000000a5080000, 0x00000000e0000000)
  object space 82432K, 21% used [0x00000000a0000000,0x00000000a1155880,0x00000000a5080000)
 Metaspace       used 45188K, capacity 46524K, committed 46848K, reserved 1089536K
  class space    used 6088K, capacity 6361K, committed 6400K, reserved 1048576K
Event: 6.002 GC heap after
Heap after GC invocations=12 (full 2):
 PSYoungGen      total 159744K, used 12267K [0x00000000e0000000, 0x00000000eb600000, 0x0000000100000000)
  eden space 147456K, 0% used [0x00000000e0000000,0x00000000e0000000,0x00000000e9000000)
  from space 12288K, 99% used [0x00000000eaa00000,0x00000000eb5fade8,0x00000000eb600000)
  to   space 14848K, 0% used [0x00000000e9900000,0x00000000e9900000,0x00000000ea780000)
 ParOldGen       total 82432K, used 21029K [0x00000000a0000000, 0x00000000a5080000, 0x00000000e0000000)
  object space 82432K, 25% used [0x00000000a0000000,0x00000000a14896a8,0x00000000a5080000)
 Metaspace       used 45188K, capacity 46524K, committed 46848K, reserved 1089536K
  class space    used 6088K, capacity 6361K, committed 6400K, reserved 1048576K
}
Event: 7.243 GC heap before
{Heap before GC invocations=13 (full 2):
 PSYoungGen      total 159744K, used 159723K [0x00000000e0000000, 0x00000000eb600000, 0x0000000100000000)
  eden space 147456K, 100% used [0x00000000e0000000,0x00000000e9000000,0x00000000e9000000)
  from space 12288K, 99% used [0x00000000eaa00000,0x00000000eb5fade8,0x00000000eb600000)
  to   space 14848K, 0% used [0x00000000e9900000,0x00000000e9900000,0x00000000ea780000)
 ParOldGen       total 82432K, used 21029K [0x00000000a0000000, 0x00000000a5080000, 0x00000000e0000000)
  object space 82432K, 25% used [0x00000000a0000000,0x00000000a14896a8,0x00000000a5080000)
 Metaspace       used 55884K, capacity 57984K, committed 58240K, reserved 1099776K
  class space    used 7634K, capacity 8027K, committed 8064K, reserved 1048576K
Event: 7.282 GC heap after
Heap after GC invocations=13 (full 2):
 PSYoungGen      total 171520K, used 14842K [0x00000000e0000000, 0x00000000ee680000, 0x0000000100000000)
  eden space 156672K, 0% used [0x00000000e0000000,0x00000000e0000000,0x00000000e9900000)
  from space 14848K, 99% used [0x00000000e9900000,0x00000000ea77e980,0x00000000ea780000)
  to   space 19456K, 0% used [0x00000000ed380000,0x00000000ed380000,0x00000000ee680000)
 ParOldGen       total 82432K, used 28732K [0x00000000a0000000, 0x00000000a5080000, 0x00000000e0000000)
  object space 82432K, 34% used [0x00000000a0000000,0x00000000a1c0f1a0,0x00000000a5080000)
 Metaspace       used 55884K, capacity 57984K, committed 58240K, reserved 1099776K
  class space    used 7634K, capacity 8027K, committed 8064K, reserved 1048576K
}
Event: 7.585 GC heap before
{Heap before GC invocations=14 (full 2):
 PSYoungGen      total 171520K, used 52834K [0x00000000e0000000, 0x00000000ee680000, 0x0000000100000000)
  eden space 156672K, 24% used [0x00000000e0000000,0x00000000e251a110,0x00000000e9900000)
  from space 14848K, 99% used [0x00000000e9900000,0x00000000ea77e980,0x00000000ea780000)
  to   space 19456K, 0% used [0x00000000ed380000,0x00000000ed380000,0x00000000ee680000)
 ParOldGen       total 82432K, used 28732K [0x00000000a0000000, 0x00000000a5080000, 0x00000000e0000000)
  object space 82432K, 34% used [0x00000000a0000000,0x00000000a1c0f1a0,0x00000000a5080000)
 Metaspace       used 57027K, capacity 59024K, committed 59160K, reserved 1099776K
  class space    used 7788K, capacity 8244K, committed 8320K, reserved 1048576K
Event: 7.592 GC heap after
Heap after GC invocations=14 (full 2):
 PSYoungGen      total 216576K, used 2309K [0x00000000e0000000, 0x00000000ef300000, 0x0000000100000000)
  eden space 197120K, 0% used [0x00000000e0000000,0x00000000e0000000,0x00000000ec080000)
  from space 19456K, 11% used [0x00000000ed380000,0x00000000ed5c1480,0x00000000ee680000)
  to   space 19456K, 0% used [0x00000000ec080000,0x00000000ec080000,0x00000000ed380000)
 ParOldGen       total 82432K, used 36681K [0x00000000a0000000, 0x00000000a5080000, 0x00000000e0000000)
  object space 82432K, 44% used [0x00000000a0000000,0x00000000a23d2658,0x00000000a5080000)
 Metaspace       used 57027K, capacity 59024K, committed 59160K, reserved 1099776K
  class space    used 7788K, capacity 8244K, committed 8320K, reserved 1048576K
}
Event: 7.592 GC heap before
{Heap before GC invocations=15 (full 3):
 PSYoungGen      total 216576K, used 2309K [0x00000000e0000000, 0x00000000ef300000, 0x0000000100000000)
  eden space 197120K, 0% used [0x00000000e0000000,0x00000000e0000000,0x00000000ec080000)
  from space 19456K, 11% used [0x00000000ed380000,0x00000000ed5c1480,0x00000000ee680000)
  to   space 19456K, 0% used [0x00000000ec080000,0x00000000ec080000,0x00000000ed380000)
 ParOldGen       total 82432K, used 36681K [0x00000000a0000000, 0x00000000a5080000, 0x00000000e0000000)
  object space 82432K, 44% used [0x00000000a0000000,0x00000000a23d2658,0x00000000a5080000)
 Metaspace       used 57027K, capacity 59024K, committed 59160K, reserved 1099776K
  class space    used 7788K, capacity 8244K, committed 8320K, reserved 1048576K
Event: 7.770 GC heap after
Heap after GC invocations=15 (full 3):
 PSYoungGen      total 216576K, used 0K [0x00000000e0000000, 0x00000000ef300000, 0x0000000100000000)
  eden space 197120K, 0% used [0x00000000e0000000,0x00000000e0000000,0x00000000ec080000)
  from space 19456K, 0% used [0x00000000ed380000,0x00000000ed380000,0x00000000ee680000)
  to   space 19456K, 0% used [0x00000000ec080000,0x00000000ec080000,0x00000000ed380000)
 ParOldGen       total 122880K, used 32014K [0x00000000a0000000, 0x00000000a7800000, 0x00000000e0000000)
  object space 122880K, 26% used [0x00000000a0000000,0x00000000a1f43a50,0x00000000a7800000)
 Metaspace       used 57007K, capacity 58958K, committed 59160K, reserved 1099776K
  class space    used 7782K, capacity 8233K, committed 8320K, reserved 1048576K
}
Event: 9.427 GC heap before
{Heap before GC invocations=16 (full 3):
 PSYoungGen      total 216576K, used 197120K [0x00000000e0000000, 0x00000000ef300000, 0x0000000100000000)
  eden space 197120K, 100% used [0x00000000e0000000,0x00000000ec080000,0x00000000ec080000)
  from space 19456K, 0% used [0x00000000ed380000,0x00000000ed380000,0x00000000ee680000)
  to   space 19456K, 0% used [0x00000000ec080000,0x00000000ec080000,0x00000000ed380000)
 ParOldGen       total 122880K, used 32014K [0x00000000a0000000, 0x00000000a7800000, 0x00000000e0000000)
  object space 122880K, 26% used [0x00000000a0000000,0x00000000a1f43a50,0x00000000a7800000)
 Metaspace       used 64078K, capacity 66974K, committed 67200K, reserved 1107968K
  class space    used 8754K, capacity 9322K, committed 9344K, reserved 1048576K
Event: 9.446 GC heap after
Heap after GC invocations=16 (full 3):
 PSYoungGen      total 216576K, used 15928K [0x00000000e0000000, 0x00000000ef300000, 0x0000000100000000)
  eden space 197120K, 0% used [0x00000000e0000000,0x00000000e0000000,0x00000000ec080000)
  from space 19456K, 81% used [0x00000000ec080000,0x00000000ed00e310,0x00000000ed380000)
  to   space 19456K, 0% used [0x00000000ed380000,0x00000000ed380000,0x00000000ee680000)
 ParOldGen       total 122880K, used 32022K [0x00000000a0000000, 0x00000000a7800000, 0x00000000e0000000)
  object space 122880K, 26% used [0x00000000a0000000,0x00000000a1f45a50,0x00000000a7800000)
 Metaspace       used 64078K, capacity 66974K, committed 67200K, reserved 1107968K
  class space    used 8754K, capacity 9322K, committed 9344K, reserved 1048576K
}

